[23:07:16] [Info] [Update Provider] No new update available. Current version is v3.6.0.
[00:07:15] [Info] [Update Provider] Checking https://zettlr.com/api/releases/latest for application updates ...
[00:07:16] [Info] [Update Provider] No new update available. Current version is v3.6.0.
[01:07:15] [Info] [Update Provider] Checking https://zettlr.com/api/releases/latest for application updates ...
[01:07:17] [Info] [Update Provider] No new update available. Current version is v3.6.0.
[02:07:15] [Info] [Update Provider] Checking https://zettlr.com/api/releases/latest for application updates ...
[02:07:16] [Info] [Update Provider] No new update available. Current version is v3.6.0.
[03:07:15] [Info] [Update Provider] Checking https://zettlr.com/api/releases/latest for application updates ...
[03:07:16] [Info] [Update Provider] No new update available. Current version is v3.6.0.
[04:07:15] [Info] [Update Provider] Checking https://zettlr.com/api/releases/latest for application updates ...
[04:07:16] [Info] [Update Provider] No new update available. Current version is v3.6.0.
[05:07:15] [Info] [Update Provider] Checking https://zettlr.com/api/releases/latest for application updates ...
[05:07:16] [Info] [Update Provider] No new update available. Current version is v3.6.0.
[06:07:15] [Info] [Update Provider] Checking https://zettlr.com/api/releases/latest for application updates ...
[06:07:16] [Info] [Update Provider] No new update available. Current version is v3.6.0.
[07:07:15] [Info] [Update Provider] Checking https://zettlr.com/api/releases/latest for application updates ...
[07:07:16] [Info] [Update Provider] No new update available. Current version is v3.6.0.
[08:07:15] [Info] [Update Provider] Checking https://zettlr.com/api/releases/latest for application updates ...
[08:07:16] [Info] [Update Provider] No new update available. Current version is v3.6.0.
[09:07:15] [Info] [Update Provider] Checking https://zettlr.com/api/releases/latest for application updates ...
[09:07:16] [Info] [Update Provider] No new update available. Current version is v3.6.0.
[10:07:15] [Info] [Update Provider] Checking https://zettlr.com/api/releases/latest for application updates ...
[10:07:16] [Info] [Update Provider] No new update available. Current version is v3.6.0.
[11:07:15] [Info] [Update Provider] Checking https://zettlr.com/api/releases/latest for application updates ...
[11:07:16] [Info] [Update Provider] No new update available. Current version is v3.6.0.
[12:07:15] [Info] [Update Provider] Checking https://zettlr.com/api/releases/latest for application updates ...
[12:07:16] [Info] [Update Provider] No new update available. Current version is v3.6.0.
[13:07:15] [Info] [Update Provider] Checking https://zettlr.com/api/releases/latest for application updates ...
[13:07:16] [Info] [Update Provider] No new update available. Current version is v3.6.0.
[14:07:15] [Info] [Update Provider] Checking https://zettlr.com/api/releases/latest for application updates ...
[14:07:16] [Info] [Update Provider] No new update available. Current version is v3.6.0.
[14:44:53] [Info] さようなら！ Shutting down at Wed Nov 19 2025 14:44:53 GMT-0500 (Eastern Standard Time)
[14:44:53] [Info] Application uptime was: 1 days, 12 hours, 35 minutes, and 59.748 seconds.
[14:44:53] [Warning] Zettlr has run for more than one day. Please make sure to regularly reboot your computer.
[14:44:53] [Info] [FSAL Cache] Cleaned up cache: Removed 4 remnants.
