2025-10-23 16:50:32 Arduino IDE 2.3.6
2025-10-23 16:50:32 Checking for frontend application configuration customizations. Module path: /tmp/.mount_arduin2ZSgjo/resources/app/lib/backend/electron-main.js, destination 'package.json': /tmp/.mount_arduin2ZSgjo/resources/app/package.json
2025-10-23 16:50:32 Setting 'theia.frontend.config.appVersion' application configuration value to: "2.3.6" (type of string)
2025-10-23 16:50:32 Setting 'theia.frontend.config.cliVersion' application configuration value to: "1.2.0" (type of string)
2025-10-23 16:50:32 Setting 'theia.frontend.config.buildDate' application configuration value to: "2025-04-09T11:24:04.835Z" (type of string)
2025-10-23 16:50:32 Frontend application configuration after modifications: {"applicationName":"Arduino IDE","defaultTheme":{"light":"arduino-theme","dark":"arduino-theme-dark"},"defaultIconTheme":"none","electron":{"windowOptions":{},"showWindowEarly":true,"splashScreenOptions":{},"uriScheme":"arduino-ide"},"defaultLocale":"","validatePreferencesSchema":false,"reloadOnReconnect":true,"uriScheme":"theia","preferences":{"window.title":"${rootName}${activeEditorShort}${appName}","files.autoSave":"afterDelay","editor.minimap.enabled":false,"editor.tabSize":2,"editor.scrollBeyondLastLine":false,"editor.quickSuggestions":{"other":false,"comments":false,"strings":false},"editor.maxTokenizationLineLength":500,"editor.bracketPairColorization.enabled":false,"breadcrumbs.enabled":false,"workbench.tree.renderIndentGuides":"none","explorer.compactFolders":false},"appVersion":"2.3.6","cliVersion":"1.2.0","buildDate":"2025-04-09T11:24:04.835Z"}
2025-10-23 16:50:32 Starting backend process. PID: 17377
2025-10-23 16:50:33 Showing main window early
2025-10-23 16:50:33 Using browser-only version of superagent in non-browser environment
2025-10-23 16:50:33 Configuration directory URI: 'file:///home/dom/.arduinoIDE'
2025-10-23 16:50:33 Configuring to accept webviews on '^.+\.webview\..+$' hostname.
2025-10-23 16:50:33 2025-10-23T20:50:33.661Z root INFO Backend u.initialize: 40.9 ms [Finished 0.677 s after backend start]
2025-10-23 16:50:33 2025-10-23T20:50:33.663Z root INFO Backend Object.initialize: 38.2 ms [Finished 0.677 s after backend start]
2025-10-23 16:50:33 2025-10-23T20:50:33.663Z root INFO Backend a.initialize: 1.2 ms [Finished 0.677 s after backend start]
2025-10-23 16:50:33 2025-10-23T20:50:33.663Z root INFO Backend a.initialize: 0.8 ms [Finished 0.677 s after backend start]
2025-10-23 16:50:33 2025-10-23T20:50:33.663Z root INFO Backend u.initialize: 1.0 ms [Finished 0.678 s after backend start]
2025-10-23 16:50:33 2025-10-23T20:50:33.666Z root INFO Backend l.initialize: 39.3 ms [Finished 0.679 s after backend start]
2025-10-23 16:50:33 2025-10-23T20:50:33.674Z root INFO configured all backend app contributions
2025-10-23 16:50:33 2025-10-23T20:50:33.674Z root INFO Backend l.onStart: 1.8 ms [Finished 0.692 s after backend start]
2025-10-23 16:50:33 2025-10-23T20:50:33.675Z root INFO Backend d.onStart: 0.2 ms [Finished 0.692 s after backend start]
2025-10-23 16:50:33 2025-10-23T20:50:33.675Z root INFO Backend a.onStart: 0.3 ms [Finished 0.693 s after backend start]
2025-10-23 16:50:33 2025-10-23T20:50:33.676Z config INFO >>> Initializing CLI configuration...
2025-10-23 16:50:33 2025-10-23T20:50:33.676Z root INFO Backend x.onStart: 0.2 ms [Finished 0.693 s after backend start]
2025-10-23 16:50:33 2025-10-23T20:50:33.676Z config INFO Loading CLI configuration from /home/dom/.arduinoIDE/arduino-cli.yaml...
2025-10-23 16:50:33 2025-10-23T20:50:33.676Z daemon INFO Starting daemon from /tmp/.mount_arduin2ZSgjo/resources/app/lib/backend/resources/arduino-cli...
2025-10-23 16:50:33 2025-10-23T20:50:33.676Z root INFO Backend w.onStart: 0.5 ms [Finished 0.694 s after backend start]
2025-10-23 16:50:33 2025-10-23T20:50:33.676Z discovery-log INFO start
2025-10-23 16:50:33 2025-10-23T20:50:33.676Z discovery-log INFO start new deferred
2025-10-23 16:50:33 2025-10-23T20:50:33.676Z root INFO Backend v.onStart: 0.2 ms [Finished 0.694 s after backend start]
2025-10-23 16:50:33 2025-10-23T20:50:33.676Z root INFO Backend a.onStart: 0.1 ms [Finished 0.694 s after backend start]
2025-10-23 16:50:33 2025-10-23T20:50:33.679Z root INFO Theia app listening on http://127.0.0.1:46191.
2025-10-23 16:50:33 2025-10-23T20:50:33.679Z root INFO Finished starting backend application: 3.4 ms [Finished 0.698 s after backend start]
2025-10-23 16:50:33 2025-10-23T20:50:33.690Z root WARN The local plugin referenced by local-dir:/home/dom/.arduinoIDE/plugins does not exist.
2025-10-23 16:50:33 2025-10-23T20:50:33.690Z root WARN The local plugin referenced by local-dir:/home/dom/.arduinoIDE/deployedPlugins does not exist.
2025-10-23 16:50:33 2025-10-23T20:50:33.808Z root INFO Resolve plugins list: 131.7 ms [Finished 0.826 s after backend start]
2025-10-23 16:50:33 2025-10-23T20:50:33.913Z daemon INFO time="2025-10-23T16:50:33-04:00" level=info msg="arduino-cli version 1.2.0"
2025-10-23 16:50:33 2025-10-23T20:50:33.986Z daemon INFO time="2025-10-23T16:50:33-04:00" level=info msg="Using config file: /home/dom/.arduinoIDE/arduino-cli.yaml"
2025-10-23 16:50:33 2025-10-23T20:50:33.986Z daemon INFO time="2025-10-23T16:50:33-04:00" level=info msg="Executing `arduino-cli daemon`"
2025-10-23 16:50:33 2025-10-23T20:50:33.994Z config INFO Loading CLI configuration from /home/dom/.arduinoIDE/arduino-cli.yaml...
2025-10-23 16:50:34 2025-10-23T20:50:34.004Z daemon INFO Daemon is now listening on 127.0.0.1:34485
{"IP":"127.0.0.1","Port":"34485"}
2025-10-23 16:50:34 2025-10-23T20:50:34.005Z daemon INFO Daemon is running.
2025-10-23 16:50:34 2025-10-23T20:50:34.020Z config INFO Loaded CLI configuration: {"board_manager":{"additional_urls":[]}}
2025-10-23 16:50:34 2025-10-23T20:50:34.020Z config INFO Loading fallback CLI configuration to get 'directories.data' and 'directories.user'
2025-10-23 16:50:34 2025-10-23T20:50:34.042Z config INFO Loaded fallback CLI configuration: {"directories":{"user":"/home/dom/Arduino","data":"/home/dom/.arduino15"}}
2025-10-23 16:50:34 2025-10-23T20:50:34.043Z config INFO Merged CLI configuration with the fallback: {"directories":{"user":"/home/dom/Arduino","data":"/home/dom/.arduino15"},"board_manager":{"additional_urls":[]}}
2025-10-23 16:50:34 2025-10-23T20:50:34.043Z config INFO Loaded the CLI configuration.
2025-10-23 16:50:34 2025-10-23T20:50:34.043Z config INFO Mapped the CLI configuration: {"dataDirUri":"file:///home/dom/.arduino15","sketchDirUri":"file:///home/dom/Arduino","additionalUrls":[],"network":"none","locale":"en"}
2025-10-23 16:50:34 2025-10-23T20:50:34.043Z config INFO Validating the CLI configuration...
2025-10-23 16:50:34 2025-10-23T20:50:34.043Z config INFO The CLI config is valid.
2025-10-23 16:50:34 2025-10-23T20:50:34.043Z config INFO <<< Initialized the CLI configuration.
2025-10-23 16:50:34 2025-10-23T20:50:34.075Z daemon INFO time="2025-10-23T16:50:34-04:00" level=info msg="Starting download" url="https://downloads.arduino.cc/libraries/library_index.tar.bz2"
2025-10-23 16:50:34 2025-10-23T20:50:34.662Z root INFO Deploy plugins list: 985.3 ms [Finished 1.680 s after backend start]
2025-10-23 16:50:35 2025-10-23T20:50:35.099Z root INFO creating connection for 1
2025-10-23 16:50:36 2025-10-23T20:50:36.110Z root WARN A command editor.action.toggleStickyScroll is already registered.
2025-10-23 16:50:36 Opening channel for service path '/services/electron-window'.
2025-10-23 16:50:36 Opening channel for service path '/services/ide-updater'.
2025-10-23 16:50:36 2025-10-23T20:50:36.268Z root INFO Start frontend contributions: 336.5 ms [Finished 2.487 s after frontend start]
2025-10-23 16:50:36 2025-10-23T20:50:36.268Z root INFO Changed application state from 'init' to 'started_contributions'.
2025-10-23 16:50:36 2025-10-23T20:50:36.282Z root INFO Changed application state from 'started_contributions' to 'attached_shell'.
2025-10-23 16:50:36 2025-10-23T20:50:36.282Z root INFO >>> Restoring the layout state...
2025-10-23 16:50:36 2025-10-23T20:50:36.321Z root INFO [8bcdc1d9-25e1-4bf0-9b9f-614e388ff55f] Waiting for backend deployment: 73.4 ms [Finished 2.555 s after frontend start]
2025-10-23 16:50:36 2025-10-23T20:50:36.726Z daemon INFO time="2025-10-23T16:50:36-04:00" level=info msg="Updating index" url="https://downloads.arduino.cc/packages/package_index.tar.bz2"
time="2025-10-23T16:50:36-04:00" level=info msg="Starting download" url="https://downloads.arduino.cc/packages/package_index.tar.bz2"
2025-10-23 16:50:36 2025-10-23T20:50:36.727Z root INFO [hosted-plugin: 17480] PLUGIN_HOST(17480) starting instance
[Object: null prototype] {}
2025-10-23 16:50:37 2025-10-23T20:50:37.162Z daemon INFO time="2025-10-23T16:50:36-04:00" level=info msg="Checking signature" index=/home/dom/.arduino15/package_index.json signatureFile=/home/dom/.arduino15/package_index.json.sig trusted=true
time="2025-10-23T16:50:36-04:00" level=info msg="Loading hardware from: /home/dom/.arduino15/packages"
time="2025-10-23T16:50:36-04:00" level=info msg="Starting download" url="https://downloads.arduino.cc/discovery/mdns-discovery/mdns-discovery_v1.0.9_Linux_64bit.tar.gz"
2025-10-23 16:50:37 2025-10-23T20:50:37.317Z daemon INFO time="2025-10-23T16:50:37-04:00" level=info msg="Installing tool" Tool="builtin:mdns-discovery@1.0.9"
2025-10-23 16:50:37 2025-10-23T20:50:37.364Z daemon INFO time="2025-10-23T16:50:37-04:00" level=info msg="Skipping tool configuration." Tool="builtin:mdns-discovery@1.0.9"
time="2025-10-23T16:50:37-04:00" level=info msg="Tool installed" Tool="builtin:mdns-discovery@1.0.9"
time="2025-10-23T16:50:37-04:00" level=info msg="Starting download" url="https://downloads.arduino.cc/discovery/serial-discovery/serial-discovery_v1.4.1_Linux_64bit.tar.gz"
2025-10-23 16:50:37 2025-10-23T20:50:37.564Z daemon INFO time="2025-10-23T16:50:37-04:00" level=info msg="Installing tool" Tool="builtin:serial-discovery@1.4.1"
2025-10-23 16:50:37 2025-10-23T20:50:37.594Z daemon INFO time="2025-10-23T16:50:37-04:00" level=info msg="Skipping tool configuration." Tool="builtin:serial-discovery@1.4.1"
time="2025-10-23T16:50:37-04:00" level=info msg="Tool installed" Tool="builtin:serial-discovery@1.4.1"
2025-10-23 16:50:37 2025-10-23T20:50:37.594Z daemon INFO time="2025-10-23T16:50:37-04:00" level=info msg="Starting download" url="https://downloads.arduino.cc/monitor/serial-monitor/serial-monitor_v0.15.0_Linux_64bit.tar.gz"
2025-10-23 16:50:37 2025-10-23T20:50:37.815Z daemon INFO time="2025-10-23T16:50:37-04:00" level=info msg="Installing tool" Tool="builtin:serial-monitor@0.15.0"
2025-10-23 16:50:37 2025-10-23T20:50:37.828Z root INFO [8bcdc1d9-25e1-4bf0-9b9f-614e388ff55f] Sync of 23 plugins: 1510.5 ms [Finished 4.066 s after frontend start]
2025-10-23 16:50:37 2025-10-23T20:50:37.857Z daemon INFO time="2025-10-23T16:50:37-04:00" level=info msg="Skipping tool configuration." Tool="builtin:serial-monitor@0.15.0"
time="2025-10-23T16:50:37-04:00" level=info msg="Tool installed" Tool="builtin:serial-monitor@0.15.0"
time="2025-10-23T16:50:37-04:00" level=info msg="Starting download" url="https://downloads.arduino.cc/tools/ctags-5.8-arduino11-pm-x86_64-pc-linux-gnu.tar.bz2"
2025-10-23 16:50:38 2025-10-23T20:50:38.001Z daemon INFO time="2025-10-23T16:50:38-04:00" level=info msg="Installing tool" Tool="builtin:ctags@5.8-arduino11"
2025-10-23 16:50:38 2025-10-23T20:50:38.018Z daemon INFO time="2025-10-23T16:50:38-04:00" level=info msg="Skipping tool configuration." Tool="builtin:ctags@5.8-arduino11"
time="2025-10-23T16:50:38-04:00" level=info msg="Tool installed" Tool="builtin:ctags@5.8-arduino11"
time="2025-10-23T16:50:38-04:00" level=info msg="Starting download" url="https://downloads.arduino.cc/discovery/dfu-discovery/dfu-discovery_v0.1.2_Linux_64bit.tar.gz"
2025-10-23 16:50:38 2025-10-23T20:50:38.180Z daemon INFO time="2025-10-23T16:50:38-04:00" level=info msg="Installing tool" Tool="builtin:dfu-discovery@0.1.2"
2025-10-23 16:50:38 2025-10-23T20:50:38.211Z daemon INFO time="2025-10-23T16:50:38-04:00" level=info msg="Skipping tool configuration." Tool="builtin:dfu-discovery@0.1.2"
time="2025-10-23T16:50:38-04:00" level=info msg="Tool installed" Tool="builtin:dfu-discovery@0.1.2"
2025-10-23 16:50:38 2025-10-23T20:50:38.212Z daemon INFO time="2025-10-23T16:50:38-04:00" level=info msg="Loading tools from dir: /home/dom/.arduino15/packages/builtin/tools"
2025-10-23 16:50:38 2025-10-23T20:50:38.212Z daemon INFO time="2025-10-23T16:50:38-04:00" level=info msg="Loaded tool" tool="builtin:ctags@5.8-arduino11"
time="2025-10-23T16:50:38-04:00" level=info msg="Loaded tool" tool="builtin:dfu-discovery@0.1.2"
time="2025-10-23T16:50:38-04:00" level=info msg="Loaded tool" tool="builtin:mdns-discovery@1.0.9"
2025-10-23 16:50:38 2025-10-23T20:50:38.212Z daemon INFO time="2025-10-23T16:50:38-04:00" level=info msg="Loaded tool" tool="builtin:serial-discovery@1.4.1"
time="2025-10-23T16:50:38-04:00" level=info msg="Loaded tool" tool="builtin:serial-monitor@0.15.0"
2025-10-23 16:50:38 2025-10-23T20:50:38.215Z daemon INFO time="2025-10-23T16:50:38-04:00" level=info msg="Loading libraries index file" index=/home/dom/.arduino15/library_index.json
2025-10-23 16:50:38 2025-10-23T20:50:38.426Z daemon INFO time="2025-10-23T16:50:38-04:00" level=info msg="Adding libraries dir" dir=/home/dom/.arduino15/libraries isSingleLibrary=false location=ide
time="2025-10-23T16:50:38-04:00" level=info msg="Adding libraries dir" dir=/home/dom/Arduino/libraries isSingleLibrary=false location=user
2025-10-23 16:50:38 2025-10-23T20:50:38.430Z discovery-log INFO start resolved watching
2025-10-23 16:50:38 2025-10-23T20:50:38.452Z root INFO <<< Nothing to restore.
2025-10-23 16:50:38 2025-10-23T20:50:38.531Z root INFO Initialize the workbench layout: 2198.6 ms [Finished 4.718 s after frontend start]
2025-10-23 16:50:38 2025-10-23T20:50:38.533Z root INFO Changed application state from 'attached_shell' to 'initialized_layout'.
2025-10-23 16:50:38 2025-10-23T20:50:38.535Z root INFO [8bcdc1d9-25e1-4bf0-9b9f-614e388ff55f] Loading plugin contributions
2025-10-23 16:50:38 2025-10-23T20:50:38.535Z root INFO [8bcdc1d9-25e1-4bf0-9b9f-614e388ff55f] Load contributions of 23 plugins: 43.3 ms [Finished 4.767 s after frontend start]
2025-10-23 16:50:38 2025-10-23T20:50:38.589Z root WARN 'cpp' language is remapped from 'source.cpp.embedded.macro' to 'source.cpp' scope
2025-10-23 16:50:38 2025-10-23T20:50:38.589Z root WARN a registered grammar configuration for 'cpp' language is overridden
2025-10-23 16:50:38 2025-10-23T20:50:38.594Z discovery-log INFO {"eventType":"add","port":{"matchingBoardsList":[{"name":"Arduino Mega or Mega 2560","fqbn":"arduino:avr:mega","isHidden":false}],"port":{"address":"/dev/ttyACM0","label":"/dev/ttyACM0","protocol":"serial","protocolLabel":"Serial Port (USB)","propertiesMap":[["pid","0x0042"],["serialNumber","1344A4741303516137D7"],["vid","0x2341"]],"hardwareId":"1344A4741303516137D7"}},"error":""}
2025-10-23 16:50:39 2025-10-23T20:50:39.016Z root ERROR [hosted-plugin: 17480] Conflict in settings file Default: Ignoring cortex-debug.armToolchainPath.linux as cortex-debug.armToolchainPath is null
2025-10-23 16:50:39 2025-10-23T20:50:39.016Z root ERROR [hosted-plugin: 17480] Conflict in settings file Default: Ignoring cortex-debug.armToolchainPath.osx as cortex-debug.armToolchainPath is null
Conflict in settings file Default: Ignoring cortex-debug.armToolchainPath.windows as cortex-debug.armToolchainPath is null
Conflict in settings file Default: Ignoring cortex-debug.JLinkGDBServerPath.linux as cortex-debug.JLinkGDBServerPath is null
Conflict in settings file Default: Ignoring cortex-debug.JLinkGDBServerPath.osx as cortex-debug.JLinkGDBServerPath is null
2025-10-23 16:50:39 2025-10-23T20:50:39.016Z root ERROR [hosted-plugin: 17480] Conflict in settings file Default: Ignoring cortex-debug.JLinkGDBServerPath.windows as cortex-debug.JLinkGDBServerPath is null
Conflict in settings file Default: Ignoring cortex-debug.openocdPath.linux as cortex-debug.openocdPath is null
2025-10-23 16:50:39 2025-10-23T20:50:39.016Z root ERROR [hosted-plugin: 17480] Conflict in settings file Default: Ignoring cortex-debug.openocdPath.osx as cortex-debug.openocdPath is null
2025-10-23 16:50:39 2025-10-23T20:50:39.016Z root ERROR [hosted-plugin: 17480] Conflict in settings file Default: Ignoring cortex-debug.openocdPath.windows as cortex-debug.openocdPath is null
2025-10-23 16:50:39 2025-10-23T20:50:39.016Z root ERROR [hosted-plugin: 17480] Conflict in settings file Default: Ignoring cortex-debug.pyocdPath.linux as cortex-debug.pyocdPath is null
Conflict in settings file Default: Ignoring cortex-debug.pyocdPath.osx as cortex-debug.pyocdPath is null
Conflict in settings file Default: Ignoring cortex-debug.pyocdPath.windows as cortex-debug.pyocdPath is null
2025-10-23 16:50:39 2025-10-23T20:50:39.016Z root ERROR [hosted-plugin: 17480] Conflict in settings file Default: Ignoring cortex-debug.PEGDBServerPath.linux as cortex-debug.PEGDBServerPath is null
Conflict in settings file Default: Ignoring cortex-debug.PEGDBServerPath.osx as cortex-debug.PEGDBServerPath is null
Conflict in settings file Default: Ignoring cortex-debug.PEGDBServerPath.windows as cortex-debug.PEGDBServerPath is null
Conflict in settings file Default: Ignoring cortex-debug.stutilPath.linux as cortex-debug.stutilPath is null
Conflict in settings file Default: Ignoring cortex-debug.stutilPath.osx as cortex-debug.stutilPath is null
2025-10-23 16:50:39 2025-10-23T20:50:39.016Z root ERROR [hosted-plugin: 17480] Conflict in settings file Default: Ignoring cortex-debug.stutilPath.windows as cortex-debug.stutilPath is null
Conflict in settings file Default: Ignoring cortex-debug.stlinkPath.linux as cortex-debug.stlinkPath is null
2025-10-23 16:50:39 2025-10-23T20:50:39.016Z root ERROR [hosted-plugin: 17480] Conflict in settings file Default: Ignoring cortex-debug.stlinkPath.osx as cortex-debug.stlinkPath is null
Conflict in settings file Default: Ignoring cortex-debug.stlinkPath.windows as cortex-debug.stlinkPath is null
2025-10-23 16:50:39 2025-10-23T20:50:39.016Z root ERROR [hosted-plugin: 17480] Conflict in settings file Default: Ignoring cortex-debug.stm32cubeprogrammer.linux as cortex-debug.stm32cubeprogrammer is null
Conflict in settings file Default: Ignoring cortex-debug.stm32cubeprogrammer.osx as cortex-debug.stm32cubeprogrammer is null
Conflict in settings file Default: Ignoring cortex-debug.stm32cubeprogrammer.windows as cortex-debug.stm32cubeprogrammer is null
2025-10-23 16:50:39 2025-10-23T20:50:39.032Z root ERROR [hosted-plugin: 17480] Conflict in settings file Default: Ignoring cortex-debug.armToolchainPath.linux as cortex-debug.armToolchainPath is null
2025-10-23 16:50:39 2025-10-23T20:50:39.032Z root ERROR [hosted-plugin: 17480] Conflict in settings file Default: Ignoring cortex-debug.armToolchainPath.osx as cortex-debug.armToolchainPath is null
Conflict in settings file Default: Ignoring cortex-debug.armToolchainPath.windows as cortex-debug.armToolchainPath is null
Conflict in settings file Default: Ignoring cortex-debug.JLinkGDBServerPath.linux as cortex-debug.JLinkGDBServerPath is null
Conflict in settings file Default: Ignoring cortex-debug.JLinkGDBServerPath.osx as cortex-debug.JLinkGDBServerPath is null
Conflict in settings file Default: Ignoring cortex-debug.JLinkGDBServerPath.windows as cortex-debug.JLinkGDBServerPath is null
Conflict in settings file Default: Ignoring cortex-debug.openocdPath.linux as cortex-debug.openocdPath is null
Conflict in settings file Default: Ignoring cortex-debug.openocdPath.osx as cortex-debug.openocdPath is null
Conflict in settings file Default: Ignoring cortex-debug.openocdPath.windows as cortex-debug.openocdPath is null
Conflict in settings file Default: Ignoring cortex-debug.pyocdPath.linux as cortex-debug.pyocdPath is null
Conflict in settings file Default: Ignoring cortex-debug.pyocdPath.osx as cortex-debug.pyocdPath is null
Conflict in settings file Default: Ignoring cortex-debug.pyocdPath.windows as cortex-debug.pyocdPath is null
Conflict in settings file Default: Ignoring cortex-debug.PEGDBServerPath.linux as cortex-debug.PEGDBServerPath is null
Conflict in settings file Default: Ignoring cortex-debug.PEGDBServerPath.osx as cortex-debug.PEGDBServerPath is null
Conflict in settings file Default: Ignoring cortex-debug.PEGDBServerPath.windows as cortex-debug.PEGDBServerPath is null
Conflict in settings file Default: Ignoring cortex-debug.stutilPath.linux as cortex-debug.stutilPath is null
2025-10-23 16:50:39 2025-10-23T20:50:39.032Z root ERROR [hosted-plugin: 17480] Conflict in settings file Default: Ignoring cortex-debug.stutilPath.osx as cortex-debug.stutilPath is null
Conflict in settings file Default: Ignoring cortex-debug.stutilPath.windows as cortex-debug.stutilPath is null
Conflict in settings file Default: Ignoring cortex-debug.stlinkPath.linux as cortex-debug.stlinkPath is null
Conflict in settings file Default: Ignoring cortex-debug.stlinkPath.osx as cortex-debug.stlinkPath is null
Conflict in settings file Default: Ignoring cortex-debug.stlinkPath.windows as cortex-debug.stlinkPath is null
Conflict in settings file Default: Ignoring cortex-debug.stm32cubeprogrammer.linux as cortex-debug.stm32cubeprogrammer is null
Conflict in settings file Default: Ignoring cortex-debug.stm32cubeprogrammer.osx as cortex-debug.stm32cubeprogrammer is null
Conflict in settings file Default: Ignoring cortex-debug.stm32cubeprogrammer.windows as cortex-debug.stm32cubeprogrammer is null
2025-10-23 16:50:39 2025-10-23T20:50:39.050Z root INFO [hosted-plugin: 17480] PLUGIN_HOST(17480): PluginManagerExtImpl/init()
2025-10-23 16:50:39 2025-10-23T20:50:39.052Z root INFO [hosted-plugin: 17480] PLUGIN_HOST(17480): initializing(vscode-arduino-api@0.1.2 with /tmp/.mount_arduin2ZSgjo/resources/app/lib/backend/plugin-vscode-init)
2025-10-23 16:50:39 2025-10-23T20:50:39.153Z root INFO [hosted-plugin: 17480] PLUGIN_HOST(17480): initializing(json-language-features@1.88.1 with /tmp/.mount_arduin2ZSgjo/resources/app/lib/backend/plugin-vscode-init)
2025-10-23 16:50:39 2025-10-23T20:50:39.160Z root INFO [hosted-plugin: 17480] PLUGIN_HOST(17480): initializing(cortex-debug@1.5.1 with /tmp/.mount_arduin2ZSgjo/resources/app/lib/backend/plugin-vscode-init)
2025-10-23 16:50:39 2025-10-23T20:50:39.160Z root INFO [hosted-plugin: 17480] Debugger contribution has been registered: cortex-debug
2025-10-23 16:50:39 2025-10-23T20:50:39.162Z root INFO [hosted-plugin: 17480] PLUGIN_HOST(17480): initializing(vscode-arduino-tools@0.1.3 with /tmp/.mount_arduin2ZSgjo/resources/app/lib/backend/plugin-vscode-init)
2025-10-23 16:50:39 2025-10-23T20:50:39.164Z root INFO [hosted-plugin: 17480] PLUGIN_HOST(17480): initializing(cpp@1.88.1 with /tmp/.mount_arduin2ZSgjo/resources/app/lib/backend/plugin-vscode-init)
2025-10-23 16:50:39 2025-10-23T20:50:39.166Z root INFO [hosted-plugin: 17480] PLUGIN_HOST(17480): initializing(json@1.88.1 with /tmp/.mount_arduin2ZSgjo/resources/app/lib/backend/plugin-vscode-init)
2025-10-23 16:50:39 2025-10-23T20:50:39.173Z root INFO [hosted-plugin: 17480] PLUGIN_HOST(17480): initializing(vscode-language-pack-bg@1.48.3 with /tmp/.mount_arduin2ZSgjo/resources/app/lib/backend/plugin-vscode-init)
2025-10-23 16:50:39 2025-10-23T20:50:39.174Z root INFO [hosted-plugin: 17480] PLUGIN_HOST(17480): initializing(vscode-language-pack-cs@1.96.0 with /tmp/.mount_arduin2ZSgjo/resources/app/lib/backend/plugin-vscode-init)
2025-10-23 16:50:39 2025-10-23T20:50:39.175Z root INFO [hosted-plugin: 17480] PLUGIN_HOST(17480): initializing(vscode-language-pack-de@1.96.0 with /tmp/.mount_arduin2ZSgjo/resources/app/lib/backend/plugin-vscode-init)
2025-10-23 16:50:39 2025-10-23T20:50:39.176Z root INFO [hosted-plugin: 17480] PLUGIN_HOST(17480): initializing(vscode-language-pack-es@1.96.0 with /tmp/.mount_arduin2ZSgjo/resources/app/lib/backend/plugin-vscode-init)
2025-10-23 16:50:39 2025-10-23T20:50:39.178Z root INFO [hosted-plugin: 17480] PLUGIN_HOST(17480): initializing(vscode-language-pack-fr@1.96.0 with /tmp/.mount_arduin2ZSgjo/resources/app/lib/backend/plugin-vscode-init)
2025-10-23 16:50:39 2025-10-23T20:50:39.179Z root INFO [hosted-plugin: 17480] PLUGIN_HOST(17480): initializing(vscode-language-pack-hu@1.48.3 with /tmp/.mount_arduin2ZSgjo/resources/app/lib/backend/plugin-vscode-init)
2025-10-23 16:50:39 2025-10-23T20:50:39.180Z root INFO [hosted-plugin: 17480] PLUGIN_HOST(17480): initializing(vscode-language-pack-it@1.96.0 with /tmp/.mount_arduin2ZSgjo/resources/app/lib/backend/plugin-vscode-init)
2025-10-23 16:50:39 2025-10-23T20:50:39.180Z root INFO [hosted-plugin: 17480] PLUGIN_HOST(17480): initializing(vscode-language-pack-ja@1.96.0 with /tmp/.mount_arduin2ZSgjo/resources/app/lib/backend/plugin-vscode-init)
2025-10-23 16:50:39 2025-10-23T20:50:39.180Z root INFO [hosted-plugin: 17480] PLUGIN_HOST(17480): initializing(vscode-language-pack-ko@1.96.0 with /tmp/.mount_arduin2ZSgjo/resources/app/lib/backend/plugin-vscode-init)
2025-10-23 16:50:39 2025-10-23T20:50:39.181Z root INFO [hosted-plugin: 17480] PLUGIN_HOST(17480): initializing(vscode-language-pack-nl@1.48.3 with /tmp/.mount_arduin2ZSgjo/resources/app/lib/backend/plugin-vscode-init)
2025-10-23 16:50:39 2025-10-23T20:50:39.181Z root INFO [hosted-plugin: 17480] PLUGIN_HOST(17480): initializing(vscode-language-pack-pl@1.96.0 with /tmp/.mount_arduin2ZSgjo/resources/app/lib/backend/plugin-vscode-init)
2025-10-23 16:50:39 2025-10-23T20:50:39.181Z root INFO [hosted-plugin: 17480] PLUGIN_HOST(17480): initializing(vscode-language-pack-pt-BR@1.96.0 with /tmp/.mount_arduin2ZSgjo/resources/app/lib/backend/plugin-vscode-init)
2025-10-23 16:50:39 2025-10-23T20:50:39.181Z root INFO [hosted-plugin: 17480] PLUGIN_HOST(17480): initializing(vscode-language-pack-ru@1.96.0 with /tmp/.mount_arduin2ZSgjo/resources/app/lib/backend/plugin-vscode-init)
2025-10-23 16:50:39 2025-10-23T20:50:39.182Z root INFO [hosted-plugin: 17480] PLUGIN_HOST(17480): initializing(vscode-language-pack-tr@1.96.0 with /tmp/.mount_arduin2ZSgjo/resources/app/lib/backend/plugin-vscode-init)
2025-10-23 16:50:39 2025-10-23T20:50:39.182Z root INFO [hosted-plugin: 17480] PLUGIN_HOST(17480): initializing(vscode-language-pack-uk@1.48.3 with /tmp/.mount_arduin2ZSgjo/resources/app/lib/backend/plugin-vscode-init)
2025-10-23 16:50:39 2025-10-23T20:50:39.182Z root INFO [hosted-plugin: 17480] PLUGIN_HOST(17480): initializing(vscode-language-pack-zh-hans@1.96.0 with /tmp/.mount_arduin2ZSgjo/resources/app/lib/backend/plugin-vscode-init)
2025-10-23 16:50:39 2025-10-23T20:50:39.183Z root INFO [hosted-plugin: 17480] PLUGIN_HOST(17480): initializing(vscode-language-pack-zh-hant@1.96.0 with /tmp/.mount_arduin2ZSgjo/resources/app/lib/backend/plugin-vscode-init)
2025-10-23 16:50:39 2025-10-23T20:50:39.335Z root INFO [hosted-plugin: 17480] PLUGIN_HOST(17480): PluginManagerExtImpl/loadPlugin(/tmp/.mount_arduin2ZSgjo/resources/app/plugins/vscode-builtin-json-language-features/extension/client/dist/node/jsonClientMain)
2025-10-23 16:50:39 2025-10-23T20:50:39.397Z root INFO [hosted-plugin: 17480] PLUGIN_HOST(17480): PluginManagerExtImpl/loadPlugin(/tmp/.mount_arduin2ZSgjo/resources/app/plugins/vscode-arduino-api/extension/dist/extension.js)
2025-10-23 16:50:39 2025-10-23T20:50:39.401Z root INFO [hosted-plugin: 17480] calling activation function on Arduino IDE API for VS Code extensions
2025-10-23 16:50:39 2025-10-23T20:50:39.568Z root INFO Frontend application start: 3510.0 ms [Finished 6.584 s after backend start]
2025-10-23 16:50:39 2025-10-23T20:50:39.594Z root INFO Replace loading indicator with ready workbench UI (animation): 857.0 ms [Finished 5.629 s after frontend start]
2025-10-23 16:50:39 2025-10-23T20:50:39.594Z root INFO Changed application state from 'initialized_layout' to 'ready'.
2025-10-23 16:50:39 2025-10-23T20:50:39.594Z root WARN Linked preference "workbench.colorCustomizations" not found.
2025-10-23 16:50:39 2025-10-23T20:50:39.607Z root INFO [8bcdc1d9-25e1-4bf0-9b9f-614e388ff55f] Starting plugins.
2025-10-23 16:50:39 Checking for update
2025-10-23 16:50:39 Generated new staging user ID: bafb7924-4b7d-5348-9a9a-e8a3cb0797c9
2025-10-23 16:50:39 2025-10-23T20:50:39.653Z root INFO [hosted-plugin: 17480] calling activation function on JSON Language Features (built-in)
2025-10-23 16:50:39 2025-10-23T20:50:39.736Z root INFO core-client-provider [library-index] Downloading index: library_index.tar.bz2

2025-10-23 16:50:39 2025-10-23T20:50:39.739Z root INFO core-client-provider [platform-index] Downloading index: package_index.tar.bz2

2025-10-23 16:50:39 2025-10-23T20:50:39.739Z daemon INFO time="2025-10-23T16:50:39-04:00" level=info msg="Updating index" url="https://downloads.arduino.cc/packages/package_index.tar.bz2"
time="2025-10-23T16:50:39-04:00" level=info msg="Starting download" url="https://downloads.arduino.cc/libraries/library_index.tar.bz2"
time="2025-10-23T16:50:39-04:00" level=info msg="Starting download" url="https://downloads.arduino.cc/packages/package_index.tar.bz2"
2025-10-23 16:50:39 2025-10-23T20:50:39.843Z root INFO [hosted-plugin: 17480] PLUGIN_HOST(17480): PluginManagerExtImpl/loadPlugin(/tmp/.mount_arduin2ZSgjo/resources/app/plugins/cortex-debug/extension/dist/extension.js)
2025-10-23 16:50:40 2025-10-23T20:50:40.141Z root ERROR ---- !!!SLOW!!! DURATION: search took 537.971 ms. Args: [{"type":"Updatable"}] ----
2025-10-23 16:50:40 2025-10-23T20:50:40.143Z root ERROR ---- !!!SLOW!!! DURATION: search took 410.916 ms. Args: [{"query":"Arduino_BuiltIn"}] ----
2025-10-23 16:50:40 2025-10-23T20:50:40.145Z root INFO [hosted-plugin: 17480] Debug configuration provider has been registered: cortex-debug, trigger: 1
calling activation function on Cortex-Debug
GDB server console created
2025-10-23 16:50:40 2025-10-23T20:50:40.148Z root INFO >>> Starting boards package installation... {
  id: 'arduino:avr',
  name: 'Arduino AVR Boards',
  summary: 'Boards included in this package:',
  description: 'Arduino Yún, Arduino UNO, Arduino UNO Mini, Arduino UNO WiFi, Arduino Diecimila, Arduino Nano, Arduino Mega, Arduino Mega ADK, Arduino Leonardo, Arduino Leonardo Ethernet, Arduino Micro, Arduino Esplora, Arduino Mini, Arduino Ethernet, Arduino Fio, Arduino BT, Arduino LilyPad USB, Arduino LilyPad, Arduino Pro, Arduino ATMegaNG, Arduino Robot Control, Arduino Robot Motor, Arduino Gemma, Adafruit Circuit Playground, Arduino Yún Mini, Arduino Industrial 101, Linino One',
  boards: [
    { name: 'Arduino Yún', fqbn: '' },
    { name: 'Arduino UNO', fqbn: '' },
    { name: 'Arduino UNO Mini', fqbn: '' },
    { name: 'Arduino UNO WiFi', fqbn: '' },
    { name: 'Arduino Diecimila', fqbn: '' },
    { name: 'Arduino Nano', fqbn: '' },
    { name: 'Arduino Mega', fqbn: '' },
    { name: 'Arduino Mega ADK', fqbn: '' },
    { name: 'Arduino Leonardo', fqbn: '' },
    { name: 'Arduino Leonardo Ethernet', fqbn: '' },
    { name: 'Arduino Micro', fqbn: '' },
    { name: 'Arduino Esplora', fqbn: '' },
    { name: 'Arduino Mini', fqbn: '' },
    { name: 'Arduino Ethernet', fqbn: '' },
    { name: 'Arduino Fio', fqbn: '' },
    { name: 'Arduino BT', fqbn: '' },
    { name: 'Arduino LilyPad USB', fqbn: '' },
    { name: 'Arduino LilyPad', fqbn: '' },
    { name: 'Arduino Pro', fqbn: '' },
    { name: 'Arduino ATMegaNG', fqbn: '' },
    { name: 'Arduino Robot Control', fqbn: '' },
    { name: 'Arduino Robot Motor', fqbn: '' },
    { name: 'Arduino Gemma', fqbn: '' },
    { name: 'Adafruit Circuit Playground', fqbn: '' },
    { name: 'Arduino Yún Mini', fqbn: '' },
    { name: 'Arduino Industrial 101', fqbn: '' },
    { name: 'Linino One', fqbn: '' }
  ],
  types: [ 'Arduino' ],
  moreInfoLink: 'https://www.arduino.cc/',
  author: 'Arduino',
  deprecated: false,
  availableVersions: [
    '1.8.6',  '1.8.5',  '1.8.4',
    '1.8.3',  '1.8.2',  '1.8.1',
    '1.6.23', '1.6.22', '1.6.21',
    '1.6.20', '1.6.19', '1.6.18',
    '1.6.17', '1.6.16', '1.6.15',
    '1.6.14', '1.6.13', '1.6.12',
    '1.6.11', '1.6.10', '1.6.9',
    '1.6.8',  '1.6.7',  '1.6.6',
    '1.6.5',  '1.6.4',  '1.6.3',
    '1.6.2'
  ],
  index: 0
}
2025-10-23 16:50:40 2025-10-23T20:50:40.150Z discovery-log INFO stop
2025-10-23 16:50:40 2025-10-23T20:50:40.150Z discovery-log INFO >>> Stopping boards watcher...
2025-10-23 16:50:40 2025-10-23T20:50:40.150Z discovery-log INFO Canceling boards watcher...
2025-10-23 16:50:40 2025-10-23T20:50:40.150Z discovery-log INFO disposing requesting cancel
2025-10-23 16:50:40 2025-10-23T20:50:40.150Z discovery-log INFO disposing canceled
2025-10-23 16:50:40 2025-10-23T20:50:40.151Z discovery-log INFO error received
2025-10-23 16:50:40 2025-10-23T20:50:40.151Z discovery-log INFO cancel error received!
2025-10-23 16:50:40 2025-10-23T20:50:40.151Z discovery-log INFO stop received event: either end or cancel
2025-10-23 16:50:40 2025-10-23T20:50:40.151Z discovery-log INFO stop stopped
2025-10-23 16:50:40 2025-10-23T20:50:40.151Z discovery-log INFO received end
2025-10-23 16:50:40 2025-10-23T20:50:40.152Z root INFO [8bcdc1d9-25e1-4bf0-9b9f-614e388ff55f] Start of 23 plugins: 1505.0 ms [Finished 6.388 s after frontend start]
2025-10-23 16:50:40 2025-10-23T20:50:40.156Z daemon INFO time="2025-10-23T16:50:40-04:00" level=info msg="Starting download" url="https://downloads.arduino.cc/tools/arduinoOTA-1.3.0-linux_amd64.tar.bz2"
2025-10-23 16:50:40 Update for version 2.3.6 is not available (latest version: 2.3.6, downgrade is allowed).
2025-10-23 16:50:40 2025-10-23T20:50:40.368Z daemon INFO time="2025-10-23T16:50:40-04:00" level=info msg="Starting download" url="https://downloads.arduino.cc/tools/avr-gcc-7.3.0-atmel3.6.1-arduino7-x86_64-pc-linux-gnu.tar.bz2"
2025-10-23 16:50:41 2025-10-23T20:50:41.367Z daemon INFO time="2025-10-23T16:50:41-04:00" level=info msg="Checking signature" index=/home/dom/.arduino15/package_index.json signatureFile=/home/dom/.arduino15/package_index.json.sig trusted=true
2025-10-23 16:50:41 2025-10-23T20:50:41.368Z daemon INFO time="2025-10-23T16:50:41-04:00" level=info msg="Loading hardware from: /home/dom/.arduino15/packages"
2025-10-23 16:50:41 2025-10-23T20:50:41.368Z daemon INFO time="2025-10-23T16:50:41-04:00" level=info msg="Loading package builtin from: /home/dom/.arduino15/packages/builtin"
time="2025-10-23T16:50:41-04:00" level=info msg="Checking existence of 'tools' path: /home/dom/.arduino15/packages/builtin/tools"
time="2025-10-23T16:50:41-04:00" level=info msg="Loading tools from dir: /home/dom/.arduino15/packages/builtin/tools"
2025-10-23 16:50:41 2025-10-23T20:50:41.368Z daemon INFO time="2025-10-23T16:50:41-04:00" level=info msg="Loaded tool" tool="builtin:ctags@5.8-arduino11"
2025-10-23 16:50:41 2025-10-23T20:50:41.368Z daemon INFO time="2025-10-23T16:50:41-04:00" level=info msg="Loaded tool" tool="builtin:dfu-discovery@0.1.2"
2025-10-23 16:50:41 2025-10-23T20:50:41.368Z daemon INFO time="2025-10-23T16:50:41-04:00" level=info msg="Loaded tool" tool="builtin:mdns-discovery@1.0.9"
2025-10-23 16:50:41 2025-10-23T20:50:41.368Z daemon INFO time="2025-10-23T16:50:41-04:00" level=info msg="Loaded tool" tool="builtin:serial-discovery@1.4.1"
2025-10-23 16:50:41 2025-10-23T20:50:41.368Z daemon INFO time="2025-10-23T16:50:41-04:00" level=info msg="Loaded tool" tool="builtin:serial-monitor@0.15.0"
2025-10-23 16:50:42 2025-10-23T20:50:42.023Z daemon INFO time="2025-10-23T16:50:42-04:00" level=info msg="Starting download" url="https://downloads.arduino.cc/tools/avrdude-6.3.0-arduino17-x86_64-pc-linux-gnu.tar.bz2"
2025-10-23 16:50:42 2025-10-23T20:50:42.104Z daemon INFO time="2025-10-23T16:50:42-04:00" level=info msg="Starting download" url="https://downloads.arduino.cc/cores/staging/avr-1.8.6.tar.bz2"
2025-10-23 16:50:42 2025-10-23T20:50:42.599Z daemon INFO time="2025-10-23T16:50:42-04:00" level=info msg="Installing tool" Tool="arduino:arduinoOTA@1.3.0"
2025-10-23 16:50:42 2025-10-23T20:50:42.918Z daemon INFO time="2025-10-23T16:50:42-04:00" level=info msg="Running tool post_install script" Tool="arduino:arduinoOTA@1.3.0"
time="2025-10-23T16:50:42-04:00" level=info msg="Tool installed" Tool="arduino:arduinoOTA@1.3.0"
time="2025-10-23T16:50:42-04:00" level=info msg="Installing tool" Tool="arduino:avr-gcc@7.3.0-atmel3.6.1-arduino7"
2025-10-23 16:50:50 2025-10-23T20:50:50.648Z daemon INFO time="2025-10-23T16:50:50-04:00" level=info msg="Running tool post_install script" Tool="arduino:avr-gcc@7.3.0-atmel3.6.1-arduino7"
time="2025-10-23T16:50:50-04:00" level=info msg="Tool installed" Tool="arduino:avr-gcc@7.3.0-atmel3.6.1-arduino7"
time="2025-10-23T16:50:50-04:00" level=info msg="Installing tool" Tool="arduino:avrdude@6.3.0-arduino17"
2025-10-23 16:50:50 2025-10-23T20:50:50.706Z daemon INFO time="2025-10-23T16:50:50-04:00" level=info msg="Running tool post_install script" Tool="arduino:avrdude@6.3.0-arduino17"
2025-10-23 16:50:50 2025-10-23T20:50:50.706Z daemon INFO time="2025-10-23T16:50:50-04:00" level=info msg="Tool installed" Tool="arduino:avrdude@6.3.0-arduino17"
time="2025-10-23T16:50:50-04:00" level=info msg="Installing platform" platform="arduino:avr@1.8.6"
2025-10-23 16:50:52 2025-10-23T20:50:52.076Z daemon INFO time="2025-10-23T16:50:52-04:00" level=info msg="Running post_install script" platform="arduino:avr@1.8.6"
time="2025-10-23T16:50:52-04:00" level=info msg="Platform installed" platform="arduino:avr@1.8.6"
2025-10-23 16:50:52 2025-10-23T20:50:52.078Z daemon INFO time="2025-10-23T16:50:52-04:00" level=info msg="Discovery event channel closed builtin:serial-discovery. Exiting goroutine."
time="2025-10-23T16:50:52-04:00" level=info msg="Closed and removed discovery builtin:serial-discovery"
time="2025-10-23T16:50:52-04:00" level=error msg="Stopped decode loop: EOF" discovery="builtin:serial-discovery"
time="2025-10-23T16:50:52-04:00" level=info msg="Discovery event channel closed builtin:mdns-discovery. Exiting goroutine."
time="2025-10-23T16:50:52-04:00" level=info msg="Closed and removed discovery builtin:mdns-discovery"
time="2025-10-23T16:50:52-04:00" level=error msg="Stopped decode loop: EOF" discovery="builtin:mdns-discovery"
2025-10-23 16:50:52 2025-10-23T20:50:52.087Z daemon INFO time="2025-10-23T16:50:52-04:00" level=info msg="Loading libraries index file" index=/home/dom/.arduino15/library_index.json
2025-10-23 16:50:52 2025-10-23T20:50:52.113Z daemon INFO time="2025-10-23T16:50:52-04:00" level=info msg="Checking signature" index=/home/dom/.arduino15/package_index.json signatureFile=/home/dom/.arduino15/package_index.json.sig trusted=true
2025-10-23 16:50:52 2025-10-23T20:50:52.115Z daemon INFO time="2025-10-23T16:50:52-04:00" level=info msg="Loading hardware from: /home/dom/.arduino15/packages"
2025-10-23 16:50:52 2025-10-23T20:50:52.115Z daemon INFO time="2025-10-23T16:50:52-04:00" level=info msg="Loading package arduino from: /home/dom/.arduino15/packages/arduino/hardware"
2025-10-23 16:50:52 2025-10-23T20:50:52.116Z daemon INFO time="2025-10-23T16:50:52-04:00" level=info msg="Missing signature file" index=/home/dom/.arduino15/packages/arduino/hardware/avr/1.8.6/installed.json
2025-10-23 16:50:52 2025-10-23T20:50:52.119Z daemon INFO time="2025-10-23T16:50:52-04:00" level=info msg="Adding monitor tool" protocol=serial tool="builtin:serial-monitor"
time="2025-10-23T16:50:52-04:00" level=info msg="Loaded platform" platform="arduino:avr@1.8.6"
time="2025-10-23T16:50:52-04:00" level=info msg="Checking existence of 'tools' path: /home/dom/.arduino15/packages/arduino/tools"
time="2025-10-23T16:50:52-04:00" level=info msg="Loading tools from dir: /home/dom/.arduino15/packages/arduino/tools"
2025-10-23 16:50:52 2025-10-23T20:50:52.119Z daemon INFO time="2025-10-23T16:50:52-04:00" level=info msg="Loaded tool" tool="arduino:arduinoOTA@1.3.0"
time="2025-10-23T16:50:52-04:00" level=info msg="Loaded tool" tool="arduino:avr-gcc@7.3.0-atmel3.6.1-arduino7"
time="2025-10-23T16:50:52-04:00" level=info msg="Loaded tool" tool="arduino:avrdude@6.3.0-arduino17"
time="2025-10-23T16:50:52-04:00" level=info msg="Loading package builtin from: /home/dom/.arduino15/packages/builtin"
2025-10-23 16:50:52 2025-10-23T20:50:52.119Z daemon INFO time="2025-10-23T16:50:52-04:00" level=info msg="Checking existence of 'tools' path: /home/dom/.arduino15/packages/builtin/tools"
time="2025-10-23T16:50:52-04:00" level=info msg="Loading tools from dir: /home/dom/.arduino15/packages/builtin/tools"
2025-10-23 16:50:52 2025-10-23T20:50:52.119Z daemon INFO time="2025-10-23T16:50:52-04:00" level=info msg="Loaded tool" tool="builtin:ctags@5.8-arduino11"
2025-10-23 16:50:52 2025-10-23T20:50:52.119Z daemon INFO time="2025-10-23T16:50:52-04:00" level=info msg="Loaded tool" tool="builtin:dfu-discovery@0.1.2"
time="2025-10-23T16:50:52-04:00" level=info msg="Loaded tool" tool="builtin:mdns-discovery@1.0.9"
2025-10-23 16:50:52 2025-10-23T20:50:52.119Z daemon INFO time="2025-10-23T16:50:52-04:00" level=info msg="Loaded tool" tool="builtin:serial-discovery@1.4.1"
2025-10-23 16:50:52 2025-10-23T20:50:52.119Z daemon INFO time="2025-10-23T16:50:52-04:00" level=info msg="Loaded tool" tool="builtin:serial-monitor@0.15.0"
2025-10-23 16:50:52 2025-10-23T20:50:52.355Z daemon INFO time="2025-10-23T16:50:52-04:00" level=info msg="Adding libraries dir" dir=/home/dom/.arduino15/libraries isSingleLibrary=false location=ide
time="2025-10-23T16:50:52-04:00" level=info msg="Adding libraries dir" dir=/home/dom/Arduino/libraries isSingleLibrary=false location=user
2025-10-23 16:50:52 2025-10-23T20:50:52.357Z daemon INFO time="2025-10-23T16:50:52-04:00" level=info msg="Discovery event channel closed builtin:serial-discovery. Exiting goroutine."
time="2025-10-23T16:50:52-04:00" level=info msg="Closed and removed discovery builtin:serial-discovery"
time="2025-10-23T16:50:52-04:00" level=error msg="Stopped decode loop: EOF" discovery="builtin:serial-discovery"
time="2025-10-23T16:50:52-04:00" level=info msg="Discovery event channel closed builtin:mdns-discovery. Exiting goroutine."
time="2025-10-23T16:50:52-04:00" level=info msg="Closed and removed discovery builtin:mdns-discovery"
time="2025-10-23T16:50:52-04:00" level=error msg="Stopped decode loop: EOF" discovery="builtin:mdns-discovery"
2025-10-23 16:50:52 2025-10-23T20:50:52.365Z daemon INFO time="2025-10-23T16:50:52-04:00" level=info msg="Adding libraries dir" dir=/home/dom/.arduino15/packages/arduino/hardware/avr/1.8.6/libraries isSingleLibrary=false location=platform
2025-10-23 16:50:52 2025-10-23T20:50:52.366Z daemon INFO time="2025-10-23T16:50:52-04:00" level=info msg="Loading libraries index file" index=/home/dom/.arduino15/library_index.json
2025-10-23 16:50:52 2025-10-23T20:50:52.667Z daemon INFO time="2025-10-23T16:50:52-04:00" level=info msg="Adding libraries dir" dir=/home/dom/.arduino15/libraries isSingleLibrary=false location=ide
time="2025-10-23T16:50:52-04:00" level=info msg="Adding libraries dir" dir=/home/dom/Arduino/libraries isSingleLibrary=false location=user
2025-10-23 16:50:52 2025-10-23T20:50:52.670Z discovery-log INFO start
2025-10-23 16:50:52 2025-10-23T20:50:52.670Z discovery-log INFO start new deferred
2025-10-23 16:50:52 2025-10-23T20:50:52.670Z discovery-log INFO start resolved watching
2025-10-23 16:50:52 2025-10-23T20:50:52.672Z discovery-log INFO {"eventType":"add","port":{"matchingBoardsList":[{"name":"Arduino Mega or Mega 2560","fqbn":"arduino:avr:mega","isHidden":false}],"port":{"address":"/dev/ttyACM0","label":"/dev/ttyACM0","protocol":"serial","protocolLabel":"Serial Port (USB)","propertiesMap":[["pid","0x0042"],["serialNumber","1344A4741303516137D7"],["vid","0x2341"]],"hardwareId":"1344A4741303516137D7"}},"error":""}
2025-10-23 16:50:52 2025-10-23T20:50:52.686Z root INFO <<< Boards package installation done. {
  id: 'arduino:avr',
  name: 'Arduino AVR Boards',
  summary: 'Boards included in this package:',
  description: 'Arduino Yún, Arduino UNO, Arduino UNO Mini, Arduino UNO WiFi, Arduino Diecimila, Arduino Nano, Arduino Mega, Arduino Mega ADK, Arduino Leonardo, Arduino Leonardo Ethernet, Arduino Micro, Arduino Esplora, Arduino Mini, Arduino Ethernet, Arduino Fio, Arduino BT, Arduino LilyPad USB, Arduino LilyPad, Arduino Pro, Arduino ATMegaNG, Arduino Robot Control, Arduino Robot Motor, Arduino Gemma, Adafruit Circuit Playground, Arduino Yún Mini, Arduino Industrial 101, Linino One',
  boards: [
    { name: 'Arduino Yún', fqbn: '' },
    { name: 'Arduino UNO', fqbn: '' },
    { name: 'Arduino UNO Mini', fqbn: '' },
    { name: 'Arduino UNO WiFi', fqbn: '' },
    { name: 'Arduino Diecimila', fqbn: '' },
    { name: 'Arduino Nano', fqbn: '' },
    { name: 'Arduino Mega', fqbn: '' },
    { name: 'Arduino Mega ADK', fqbn: '' },
    { name: 'Arduino Leonardo', fqbn: '' },
    { name: 'Arduino Leonardo Ethernet', fqbn: '' },
    { name: 'Arduino Micro', fqbn: '' },
    { name: 'Arduino Esplora', fqbn: '' },
    { name: 'Arduino Mini', fqbn: '' },
    { name: 'Arduino Ethernet', fqbn: '' },
    { name: 'Arduino Fio', fqbn: '' },
    { name: 'Arduino BT', fqbn: '' },
    { name: 'Arduino LilyPad USB', fqbn: '' },
    { name: 'Arduino LilyPad', fqbn: '' },
    { name: 'Arduino Pro', fqbn: '' },
    { name: 'Arduino ATMegaNG', fqbn: '' },
    { name: 'Arduino Robot Control', fqbn: '' },
    { name: 'Arduino Robot Motor', fqbn: '' },
    { name: 'Arduino Gemma', fqbn: '' },
    { name: 'Adafruit Circuit Playground', fqbn: '' },
    { name: 'Arduino Yún Mini', fqbn: '' },
    { name: 'Arduino Industrial 101', fqbn: '' },
    { name: 'Linino One', fqbn: '' }
  ],
  types: [ 'Arduino' ],
  moreInfoLink: 'https://www.arduino.cc/',
  author: 'Arduino',
  deprecated: false,
  availableVersions: [
    '1.8.6',  '1.8.5',  '1.8.4',
    '1.8.3',  '1.8.2',  '1.8.1',
    '1.6.23', '1.6.22', '1.6.21',
    '1.6.20', '1.6.19', '1.6.18',
    '1.6.17', '1.6.16', '1.6.15',
    '1.6.14', '1.6.13', '1.6.12',
    '1.6.11', '1.6.10', '1.6.9',
    '1.6.8',  '1.6.7',  '1.6.6',
    '1.6.5',  '1.6.4',  '1.6.3',
    '1.6.2'
  ],
  index: 0
}
2025-10-23 16:50:52 2025-10-23T20:50:52.691Z root INFO >>> Starting library package installation... {
  name: 'Arduino_BuiltIn',
  exampleUris: [],
  location: 0,
  installedVersion: undefined,
  author: 'Arduino',
  availableVersions: [ '1.0.0' ],
  includes: [],
  description: 'The sole purpose of this library is to install the standard Arduino libraries which are typically included with the Arduino IDE.',
  moreInfoLink: 'https://github.com/arduino-libraries/Arduino_BuiltIn',
  summary: 'Shell Arduino library to provide the standard built-in libraries',
  category: 'Other',
  types: [ 'Arduino' ],
  index: 0
}
2025-10-23 16:50:52 2025-10-23T20:50:52.692Z discovery-log INFO stop
2025-10-23 16:50:52 2025-10-23T20:50:52.692Z discovery-log INFO >>> Stopping boards watcher...
2025-10-23 16:50:52 2025-10-23T20:50:52.692Z discovery-log INFO Canceling boards watcher...
2025-10-23 16:50:52 2025-10-23T20:50:52.692Z discovery-log INFO disposing requesting cancel
2025-10-23 16:50:52 2025-10-23T20:50:52.692Z discovery-log INFO disposing canceled
2025-10-23 16:50:52 2025-10-23T20:50:52.696Z discovery-log INFO error received
2025-10-23 16:50:52 2025-10-23T20:50:52.696Z discovery-log INFO cancel error received!
2025-10-23 16:50:52 2025-10-23T20:50:52.696Z discovery-log INFO stop received event: either end or cancel
2025-10-23 16:50:52 2025-10-23T20:50:52.696Z discovery-log INFO stop stopped
2025-10-23 16:50:52 2025-10-23T20:50:52.696Z discovery-log INFO received end
2025-10-23 16:50:52 2025-10-23T20:50:52.737Z daemon INFO time="2025-10-23T16:50:52-04:00" level=info msg="Starting download" url="https://downloads.arduino.cc/libraries/github.com/arduino-libraries/SD-1.3.0.zip?query=depends"
2025-10-23 16:50:52 2025-10-23T20:50:52.916Z daemon INFO time="2025-10-23T16:50:52-04:00" level=info msg="Installing library" library=SD@1.3.0
2025-10-23 16:50:52 2025-10-23T20:50:52.933Z daemon INFO time="2025-10-23T16:50:52-04:00" level=info msg="Starting download" url="https://downloads.arduino.cc/libraries/github.com/arduino-libraries/TFT-1.0.6.zip?query=depends"
2025-10-23 16:50:53 2025-10-23T20:50:53.174Z daemon INFO time="2025-10-23T16:50:53-04:00" level=info msg="Installing library" library=TFT@1.0.6
2025-10-23 16:50:53 2025-10-23T20:50:53.191Z daemon INFO time="2025-10-23T16:50:53-04:00" level=info msg="Starting download" url="https://downloads.arduino.cc/libraries/github.com/arduino-libraries/Arduino_BuiltIn-1.0.0.zip?query=install-builtin"
2025-10-23 16:50:53 2025-10-23T20:50:53.326Z daemon INFO time="2025-10-23T16:50:53-04:00" level=info msg="Installing library" library=Arduino_BuiltIn@1.0.0
2025-10-23 16:50:53 2025-10-23T20:50:53.328Z daemon INFO time="2025-10-23T16:50:53-04:00" level=info msg="Starting download" url="https://downloads.arduino.cc/libraries/github.com/arduino-libraries/Ethernet-2.0.2.zip?query=depends"
2025-10-23 16:50:53 2025-10-23T20:50:53.515Z daemon INFO time="2025-10-23T16:50:53-04:00" level=info msg="Installing library" library=Ethernet@2.0.2
2025-10-23 16:50:53 2025-10-23T20:50:53.531Z daemon INFO time="2025-10-23T16:50:53-04:00" level=info msg="Starting download" url="https://downloads.arduino.cc/libraries/github.com/arduino-libraries/LiquidCrystal-1.0.7.zip?query=depends"
2025-10-23 16:50:53 2025-10-23T20:50:53.639Z daemon INFO time="2025-10-23T16:50:53-04:00" level=info msg="Installing library" library=LiquidCrystal@1.0.7
2025-10-23 16:50:53 2025-10-23T20:50:53.707Z daemon INFO time="2025-10-23T16:50:53-04:00" level=info msg="Starting download" url="https://downloads.arduino.cc/libraries/github.com/arduino-libraries/Stepper-1.1.3.zip?query=depends"
2025-10-23 16:50:53 2025-10-23T20:50:53.873Z daemon INFO time="2025-10-23T16:50:53-04:00" level=info msg="Installing library" library=Stepper@1.1.3
2025-10-23 16:50:53 2025-10-23T20:50:53.940Z daemon INFO time="2025-10-23T16:50:53-04:00" level=info msg="Starting download" url="https://downloads.arduino.cc/libraries/github.com/firmata/Firmata-2.5.9.zip?query=depends"
2025-10-23 16:50:54 2025-10-23T20:50:54.136Z daemon INFO time="2025-10-23T16:50:54-04:00" level=info msg="Installing library" library=Firmata@2.5.9
2025-10-23 16:50:54 2025-10-23T20:50:54.180Z daemon INFO time="2025-10-23T16:50:54-04:00" level=info msg="Starting download" url="https://downloads.arduino.cc/libraries/github.com/arduino-libraries/Servo-1.2.2.zip?query=depends"
2025-10-23 16:50:54 2025-10-23T20:50:54.306Z daemon INFO time="2025-10-23T16:50:54-04:00" level=info msg="Installing library" library=Servo@1.2.2
2025-10-23 16:50:54 2025-10-23T20:50:54.324Z daemon INFO time="2025-10-23T16:50:54-04:00" level=info msg="Starting download" url="https://downloads.arduino.cc/libraries/github.com/arduino-libraries/Keyboard-1.0.6.zip?query=depends"
2025-10-23 16:50:54 2025-10-23T20:50:54.512Z daemon INFO time="2025-10-23T16:50:54-04:00" level=info msg="Installing library" library=Keyboard@1.0.6
2025-10-23 16:50:54 2025-10-23T20:50:54.520Z daemon INFO time="2025-10-23T16:50:54-04:00" level=info msg="Starting download" url="https://downloads.arduino.cc/libraries/github.com/arduino-libraries/Mouse-1.0.1.zip?query=depends"
2025-10-23 16:50:54 2025-10-23T20:50:54.651Z daemon INFO time="2025-10-23T16:50:54-04:00" level=info msg="Installing library" library=Mouse@1.0.1
2025-10-23 16:50:54 2025-10-23T20:50:54.666Z daemon INFO time="2025-10-23T16:50:54-04:00" level=info msg="Checking signature" index=/home/dom/.arduino15/package_index.json signatureFile=/home/dom/.arduino15/package_index.json.sig trusted=true
2025-10-23 16:50:54 2025-10-23T20:50:54.668Z daemon INFO time="2025-10-23T16:50:54-04:00" level=info msg="Loading hardware from: /home/dom/.arduino15/packages"
time="2025-10-23T16:50:54-04:00" level=info msg="Loading package arduino from: /home/dom/.arduino15/packages/arduino/hardware"
2025-10-23 16:50:54 2025-10-23T20:50:54.670Z daemon INFO time="2025-10-23T16:50:54-04:00" level=info msg="Missing signature file" index=/home/dom/.arduino15/packages/arduino/hardware/avr/1.8.6/installed.json
2025-10-23 16:50:54 2025-10-23T20:50:54.673Z daemon INFO time="2025-10-23T16:50:54-04:00" level=info msg="Adding monitor tool" protocol=serial tool="builtin:serial-monitor"
time="2025-10-23T16:50:54-04:00" level=info msg="Loaded platform" platform="arduino:avr@1.8.6"
time="2025-10-23T16:50:54-04:00" level=info msg="Checking existence of 'tools' path: /home/dom/.arduino15/packages/arduino/tools"
time="2025-10-23T16:50:54-04:00" level=info msg="Loading tools from dir: /home/dom/.arduino15/packages/arduino/tools"
time="2025-10-23T16:50:54-04:00" level=info msg="Loaded tool" tool="arduino:arduinoOTA@1.3.0"
time="2025-10-23T16:50:54-04:00" level=info msg="Loaded tool" tool="arduino:avr-gcc@7.3.0-atmel3.6.1-arduino7"
time="2025-10-23T16:50:54-04:00" level=info msg="Loaded tool" tool="arduino:avrdude@6.3.0-arduino17"
time="2025-10-23T16:50:54-04:00" level=info msg="Loading package builtin from: /home/dom/.arduino15/packages/builtin"
time="2025-10-23T16:50:54-04:00" level=info msg="Checking existence of 'tools' path: /home/dom/.arduino15/packages/builtin/tools"
time="2025-10-23T16:50:54-04:00" level=info msg="Loading tools from dir: /home/dom/.arduino15/packages/builtin/tools"
2025-10-23 16:50:54 2025-10-23T20:50:54.673Z daemon INFO time="2025-10-23T16:50:54-04:00" level=info msg="Loaded tool" tool="builtin:ctags@5.8-arduino11"
time="2025-10-23T16:50:54-04:00" level=info msg="Loaded tool" tool="builtin:dfu-discovery@0.1.2"
time="2025-10-23T16:50:54-04:00" level=info msg="Loaded tool" tool="builtin:mdns-discovery@1.0.9"
time="2025-10-23T16:50:54-04:00" level=info msg="Loaded tool" tool="builtin:serial-discovery@1.4.1"
2025-10-23 16:50:54 2025-10-23T20:50:54.673Z daemon INFO time="2025-10-23T16:50:54-04:00" level=info msg="Loaded tool" tool="builtin:serial-monitor@0.15.0"
2025-10-23 16:50:54 2025-10-23T20:50:54.678Z daemon INFO time="2025-10-23T16:50:54-04:00" level=info msg="Discovery event channel closed builtin:serial-discovery. Exiting goroutine."
2025-10-23 16:50:54 2025-10-23T20:50:54.679Z daemon INFO time="2025-10-23T16:50:54-04:00" level=info msg="Closed and removed discovery builtin:serial-discovery"
time="2025-10-23T16:50:54-04:00" level=error msg="Stopped decode loop: EOF" discovery="builtin:serial-discovery"
2025-10-23 16:50:54 2025-10-23T20:50:54.679Z daemon INFO time="2025-10-23T16:50:54-04:00" level=info msg="Discovery event channel closed builtin:mdns-discovery. Exiting goroutine."
2025-10-23 16:50:54 2025-10-23T20:50:54.679Z daemon INFO time="2025-10-23T16:50:54-04:00" level=info msg="Closed and removed discovery builtin:mdns-discovery"
2025-10-23 16:50:54 2025-10-23T20:50:54.679Z daemon INFO time="2025-10-23T16:50:54-04:00" level=error msg="Stopped decode loop: EOF" discovery="builtin:mdns-discovery"
2025-10-23 16:50:54 2025-10-23T20:50:54.685Z daemon INFO time="2025-10-23T16:50:54-04:00" level=info msg="Adding libraries dir" dir=/home/dom/.arduino15/packages/arduino/hardware/avr/1.8.6/libraries isSingleLibrary=false location=platform
time="2025-10-23T16:50:54-04:00" level=info msg="Loading libraries index file" index=/home/dom/.arduino15/library_index.json
2025-10-23 16:50:54 2025-10-23T20:50:54.895Z daemon INFO time="2025-10-23T16:50:54-04:00" level=info msg="Adding libraries dir" dir=/home/dom/.arduino15/libraries isSingleLibrary=false location=ide
time="2025-10-23T16:50:54-04:00" level=info msg="Adding libraries dir" dir=/home/dom/Arduino/libraries isSingleLibrary=false location=user
2025-10-23 16:50:54 2025-10-23T20:50:54.900Z discovery-log INFO start
2025-10-23 16:50:54 2025-10-23T20:50:54.900Z discovery-log INFO start new deferred
2025-10-23 16:50:54 2025-10-23T20:50:54.900Z discovery-log INFO start resolved watching
2025-10-23 16:50:54 2025-10-23T20:50:54.902Z discovery-log INFO {"eventType":"add","port":{"matchingBoardsList":[{"name":"Arduino Mega or Mega 2560","fqbn":"arduino:avr:mega","isHidden":false}],"port":{"address":"/dev/ttyACM0","label":"/dev/ttyACM0","protocol":"serial","protocolLabel":"Serial Port (USB)","propertiesMap":[["pid","0x0042"],["serialNumber","1344A4741303516137D7"],["vid","0x2341"]],"hardwareId":"1344A4741303516137D7"}},"error":""}
2025-10-23 16:50:55 2025-10-23T20:50:55.280Z root ERROR ---- !!!SLOW!!! DURATION: search took 379.613 ms. Args: [{}] ----
2025-10-23 16:50:55 2025-10-23T20:50:55.280Z root INFO <<< Library package installation done. {
  name: 'Arduino_BuiltIn',
  exampleUris: [],
  location: 0,
  installedVersion: undefined,
  author: 'Arduino',
  availableVersions: [ '1.0.0' ],
  includes: [],
  description: 'The sole purpose of this library is to install the standard Arduino libraries which are typically included with the Arduino IDE.',
  moreInfoLink: 'https://github.com/arduino-libraries/Arduino_BuiltIn',
  summary: 'Shell Arduino library to provide the standard built-in libraries',
  category: 'Other',
  types: [ 'Arduino' ],
  index: 0
}
2025-10-23 16:55:44 2025-10-23T20:55:44.968Z discovery-log INFO {"eventType":"remove","port":{"matchingBoardsList":[],"port":{"address":"/dev/ttyACM0","label":"","protocol":"serial","protocolLabel":"","propertiesMap":[],"hardwareId":""}},"error":""}
2025-10-23 16:55:45 2025-10-23T20:55:45.396Z discovery-log INFO {"eventType":"add","port":{"matchingBoardsList":[{"name":"Arduino Mega or Mega 2560","fqbn":"arduino:avr:mega","isHidden":false}],"port":{"address":"/dev/ttyACM0","label":"/dev/ttyACM0","protocol":"serial","protocolLabel":"Serial Port (USB)","propertiesMap":[["pid","0x0042"],["serialNumber","1344A4741303516137D7"],["vid","0x2341"]],"hardwareId":"1344A4741303516137D7"}},"error":""}
2025-10-23 17:01:40 2025-10-23T21:01:40.910Z root ERROR Have not received the full compile summary from the CLI while running the compilation. {}
2025-10-23 17:01:53 2025-10-23T21:01:53.292Z root INFO Starting language server: arduino:avr:mega:cpu=atmega2560
2025-10-23 17:01:53 2025-10-23T21:01:53.297Z daemon INFO time="2025-10-23T17:01:53-04:00" level=info msg="Tool required for debug" tool="arduino:arduinoOTA@1.3.0"
time="2025-10-23T17:01:53-04:00" level=info msg="Tool required for debug" tool="arduino:avr-gcc@7.3.0-atmel3.6.1-arduino7"
time="2025-10-23T17:01:53-04:00" level=info msg="Tool required for debug" tool="arduino:avrdude@6.3.0-arduino17"
time="2025-10-23T17:01:53-04:00" level=info msg="Tool required for debug" tool="builtin:serial-monitor@0.15.0"
2025-10-23 17:01:53 2025-10-23T21:01:53.297Z daemon INFO time="2025-10-23T17:01:53-04:00" level=info msg="Tool required for debug" tool="builtin:ctags@5.8-arduino11"
time="2025-10-23T17:01:53-04:00" level=info msg="Tool required for debug" tool="builtin:dfu-discovery@0.1.2"
time="2025-10-23T17:01:53-04:00" level=info msg="Tool required for debug" tool="builtin:mdns-discovery@1.0.9"
time="2025-10-23T17:01:53-04:00" level=info msg="Tool required for debug" tool="builtin:serial-discovery@1.4.1"
2025-10-23 17:01:53 2025-10-23T21:01:53.299Z root ERROR Failed to get debug config: arduino:avr:mega:cpu=atmega2560, undefined Error: Debugging is not supported.
    at Object.callback (/tmp/.mount_arduin2ZSgjo/resources/app/lib/backend/main.js:2:4749831)
    at Object.onReceiveStatus (/tmp/.mount_arduin2ZSgjo/resources/app/lib/backend/main.js:2:3783390)
    at Object.onReceiveStatus (/tmp/.mount_arduin2ZSgjo/resources/app/lib/backend/main.js:2:2216666)
    at Object.onReceiveStatus (/tmp/.mount_arduin2ZSgjo/resources/app/lib/backend/main.js:2:2216111)
    at /tmp/.mount_arduin2ZSgjo/resources/app/lib/backend/main.js:2:4354680
    at process.processTicksAndRejections (node:internal/process/task_queues:77:11)
2025-10-23 17:01:53 2025-10-23T21:01:53.335Z root INFO [hosted-plugin: 17480] PLUGIN_HOST(17480): PluginManagerExtImpl/loadPlugin(/tmp/.mount_arduin2ZSgjo/resources/app/plugins/vscode-arduino-tools/extension/dist/extension.js)
2025-10-23 17:01:53 2025-10-23T21:01:53.366Z root INFO [hosted-plugin: 17480] calling activation function on VS Code Arduino Tools
2025-10-23 17:01:53 2025-10-23T21:01:53.556Z daemon INFO time="2025-10-23T17:01:53-04:00" level=info msg="Adding libraries dir" dir=/home/dom/.arduino15/libraries isSingleLibrary=false location=ide
time="2025-10-23T17:01:53-04:00" level=info msg="Adding libraries dir" dir=/home/dom/.arduino15/packages/arduino/hardware/avr/1.8.6/libraries isSingleLibrary=false location=platform
2025-10-23 17:01:53 2025-10-23T21:01:53.556Z daemon INFO time="2025-10-23T17:01:53-04:00" level=info msg="Adding libraries dir" dir=/home/dom/Arduino/libraries isSingleLibrary=false location=user
2025-10-23 17:01:53 2025-10-23T21:01:53.581Z daemon INFO time="2025-10-23T17:01:53-04:00" level=info msg="Resolving include Servo.h for arch avr"
time="2025-10-23T17:01:53-04:00" level=info msg="  found better lib" lib=Servo prio=6AE
2025-10-23 17:01:53 2025-10-23T21:01:53.981Z daemon INFO time="2025-10-23T17:01:53-04:00" level=info msg="Adding libraries dir" dir=/home/dom/.arduino15/libraries isSingleLibrary=false location=ide
time="2025-10-23T17:01:53-04:00" level=info msg="Adding libraries dir" dir=/home/dom/.arduino15/packages/arduino/hardware/avr/1.8.6/libraries isSingleLibrary=false location=platform
2025-10-23 17:01:53 2025-10-23T21:01:53.981Z daemon INFO time="2025-10-23T17:01:53-04:00" level=info msg="Adding libraries dir" dir=/home/dom/Arduino/libraries isSingleLibrary=false location=user
2025-10-23 17:01:54 2025-10-23T21:01:54.879Z daemon INFO time="2025-10-23T17:01:54-04:00" level=info msg="Adding libraries dir" dir=/home/dom/.arduino15/libraries isSingleLibrary=false location=ide
2025-10-23 17:01:54 2025-10-23T21:01:54.879Z daemon INFO time="2025-10-23T17:01:54-04:00" level=info msg="Adding libraries dir" dir=/home/dom/.arduino15/packages/arduino/hardware/avr/1.8.6/libraries isSingleLibrary=false location=platform
time="2025-10-23T17:01:54-04:00" level=info msg="Adding libraries dir" dir=/home/dom/Arduino/libraries isSingleLibrary=false location=user
2025-10-23 17:01:54 2025-10-23T21:01:54.915Z daemon INFO time="2025-10-23T17:01:54-04:00" level=info msg="Resolving include Servo.h for arch avr"
time="2025-10-23T17:01:54-04:00" level=info msg="  found better lib" lib=Servo prio=6AE
2025-10-23 17:01:55 2025-10-23T21:01:55.768Z root INFO Executing 'arduino.languageserver.notifyBuildDidComplete' with "file:///home/dom/.cache/arduino/sketches/60CC9E04A2BCA91E4D03A19C9FE9FEF5"
2025-10-23 17:01:55 2025-10-23T21:01:55.797Z daemon INFO time="2025-10-23T17:01:55-04:00" level=info msg="Tool required for debug" tool="arduino:arduinoOTA@1.3.0"
time="2025-10-23T17:01:55-04:00" level=info msg="Tool required for debug" tool="arduino:avr-gcc@7.3.0-atmel3.6.1-arduino7"
2025-10-23 17:01:55 2025-10-23T21:01:55.797Z daemon INFO time="2025-10-23T17:01:55-04:00" level=info msg="Tool required for debug" tool="arduino:avrdude@6.3.0-arduino17"
time="2025-10-23T17:01:55-04:00" level=info msg="Tool required for debug" tool="builtin:dfu-discovery@0.1.2"
time="2025-10-23T17:01:55-04:00" level=info msg="Tool required for debug" tool="builtin:mdns-discovery@1.0.9"
time="2025-10-23T17:01:55-04:00" level=info msg="Tool required for debug" tool="builtin:serial-discovery@1.4.1"
time="2025-10-23T17:01:55-04:00" level=info msg="Tool required for debug" tool="builtin:serial-monitor@0.15.0"
time="2025-10-23T17:01:55-04:00" level=info msg="Tool required for debug" tool="builtin:ctags@5.8-arduino11"
2025-10-23 17:01:55 2025-10-23T21:01:55.798Z root ERROR Failed to get debug config: arduino:avr:mega:cpu=atmega2560, undefined Error: Debugging is not supported.
    at Object.callback (/tmp/.mount_arduin2ZSgjo/resources/app/lib/backend/main.js:2:4749831)
    at Object.onReceiveStatus (/tmp/.mount_arduin2ZSgjo/resources/app/lib/backend/main.js:2:3783390)
    at Object.onReceiveStatus (/tmp/.mount_arduin2ZSgjo/resources/app/lib/backend/main.js:2:2216666)
    at Object.onReceiveStatus (/tmp/.mount_arduin2ZSgjo/resources/app/lib/backend/main.js:2:2216111)
    at /tmp/.mount_arduin2ZSgjo/resources/app/lib/backend/main.js:2:4354680
    at process.processTicksAndRejections (node:internal/process/task_queues:77:11)
2025-10-23 17:01:56 2025-10-23T21:01:56.780Z daemon INFO time="2025-10-23T17:01:56-04:00" level=info msg="Adding libraries dir" dir=/home/dom/.arduino15/libraries isSingleLibrary=false location=ide
time="2025-10-23T17:01:56-04:00" level=info msg="Adding libraries dir" dir=/home/dom/.arduino15/packages/arduino/hardware/avr/1.8.6/libraries isSingleLibrary=false location=platform
time="2025-10-23T17:01:56-04:00" level=info msg="Adding libraries dir" dir=/home/dom/Arduino/libraries isSingleLibrary=false location=user
2025-10-23 17:02:07 2025-10-23T21:02:07.669Z daemon INFO time="2025-10-23T17:02:07-04:00" level=info msg="Adding libraries dir" dir=/home/dom/.arduino15/libraries isSingleLibrary=false location=ide
time="2025-10-23T17:02:07-04:00" level=info msg="Adding libraries dir" dir=/home/dom/.arduino15/packages/arduino/hardware/avr/1.8.6/libraries isSingleLibrary=false location=platform
2025-10-23 17:02:07 2025-10-23T21:02:07.669Z daemon INFO time="2025-10-23T17:02:07-04:00" level=info msg="Adding libraries dir" dir=/home/dom/Arduino/libraries isSingleLibrary=false location=user
2025-10-23 17:02:07 2025-10-23T21:02:07.704Z daemon INFO time="2025-10-23T17:02:07-04:00" level=info msg="Resolving include Servo.h for arch avr"
time="2025-10-23T17:02:07-04:00" level=info msg="  found better lib" lib=Servo prio=6AE
2025-10-23 17:02:07 2025-10-23T21:02:07.925Z root INFO Executing 'arduino.languageserver.notifyBuildDidComplete' with "file:///home/dom/.cache/arduino/sketches/60CC9E04A2BCA91E4D03A19C9FE9FEF5"
2025-10-23 17:02:07 2025-10-23T21:02:07.952Z daemon INFO time="2025-10-23T17:02:07-04:00" level=info msg="Tool required for debug" tool="arduino:arduinoOTA@1.3.0"
time="2025-10-23T17:02:07-04:00" level=info msg="Tool required for debug" tool="arduino:avr-gcc@7.3.0-atmel3.6.1-arduino7"
time="2025-10-23T17:02:07-04:00" level=info msg="Tool required for debug" tool="arduino:avrdude@6.3.0-arduino17"
2025-10-23 17:02:07 2025-10-23T21:02:07.952Z daemon INFO time="2025-10-23T17:02:07-04:00" level=info msg="Tool required for debug" tool="builtin:mdns-discovery@1.0.9"
time="2025-10-23T17:02:07-04:00" level=info msg="Tool required for debug" tool="builtin:serial-discovery@1.4.1"
time="2025-10-23T17:02:07-04:00" level=info msg="Tool required for debug" tool="builtin:serial-monitor@0.15.0"
time="2025-10-23T17:02:07-04:00" level=info msg="Tool required for debug" tool="builtin:ctags@5.8-arduino11"
time="2025-10-23T17:02:07-04:00" level=info msg="Tool required for debug" tool="builtin:dfu-discovery@0.1.2"
2025-10-23 17:02:07 2025-10-23T21:02:07.953Z root ERROR Failed to get debug config: arduino:avr:mega:cpu=atmega2560, undefined Error: Debugging is not supported.
    at Object.callback (/tmp/.mount_arduin2ZSgjo/resources/app/lib/backend/main.js:2:4749831)
    at Object.onReceiveStatus (/tmp/.mount_arduin2ZSgjo/resources/app/lib/backend/main.js:2:3783390)
    at Object.onReceiveStatus (/tmp/.mount_arduin2ZSgjo/resources/app/lib/backend/main.js:2:2216666)
    at Object.onReceiveStatus (/tmp/.mount_arduin2ZSgjo/resources/app/lib/backend/main.js:2:2216111)
    at /tmp/.mount_arduin2ZSgjo/resources/app/lib/backend/main.js:2:4354680
    at process.processTicksAndRejections (node:internal/process/task_queues:77:11)
2025-10-23 17:02:08 2025-10-23T21:02:08.936Z daemon INFO time="2025-10-23T17:02:08-04:00" level=info msg="Adding libraries dir" dir=/home/dom/.arduino15/libraries isSingleLibrary=false location=ide
time="2025-10-23T17:02:08-04:00" level=info msg="Adding libraries dir" dir=/home/dom/.arduino15/packages/arduino/hardware/avr/1.8.6/libraries isSingleLibrary=false location=platform
time="2025-10-23T17:02:08-04:00" level=info msg="Adding libraries dir" dir=/home/dom/Arduino/libraries isSingleLibrary=false location=user
2025-10-23 17:02:11 2025-10-23T21:02:11.643Z daemon INFO time="2025-10-23T17:02:11-04:00" level=info msg="Adding libraries dir" dir=/home/dom/.arduino15/libraries isSingleLibrary=false location=ide
2025-10-23 17:02:11 2025-10-23T21:02:11.644Z daemon INFO time="2025-10-23T17:02:11-04:00" level=info msg="Adding libraries dir" dir=/home/dom/.arduino15/packages/arduino/hardware/avr/1.8.6/libraries isSingleLibrary=false location=platform
time="2025-10-23T17:02:11-04:00" level=info msg="Adding libraries dir" dir=/home/dom/Arduino/libraries isSingleLibrary=false location=user
2025-10-23 17:02:11 2025-10-23T21:02:11.684Z daemon INFO time="2025-10-23T17:02:11-04:00" level=info msg="Resolving include Servo.h for arch avr"
time="2025-10-23T17:02:11-04:00" level=info msg="  found better lib" lib=Servo prio=6AE
2025-10-23 17:02:11 2025-10-23T21:02:11.900Z root INFO Executing 'arduino.languageserver.notifyBuildDidComplete' with "file:///home/dom/.cache/arduino/sketches/60CC9E04A2BCA91E4D03A19C9FE9FEF5"
2025-10-23 17:02:11 2025-10-23T21:02:11.932Z daemon INFO time="2025-10-23T17:02:11-04:00" level=info msg="Tool required for debug" tool="arduino:arduinoOTA@1.3.0"
time="2025-10-23T17:02:11-04:00" level=info msg="Tool required for debug" tool="arduino:avr-gcc@7.3.0-atmel3.6.1-arduino7"
time="2025-10-23T17:02:11-04:00" level=info msg="Tool required for debug" tool="arduino:avrdude@6.3.0-arduino17"
time="2025-10-23T17:02:11-04:00" level=info msg="Tool required for debug" tool="builtin:ctags@5.8-arduino11"
time="2025-10-23T17:02:11-04:00" level=info msg="Tool required for debug" tool="builtin:dfu-discovery@0.1.2"
time="2025-10-23T17:02:11-04:00" level=info msg="Tool required for debug" tool="builtin:mdns-discovery@1.0.9"
2025-10-23 17:02:11 2025-10-23T21:02:11.932Z daemon INFO time="2025-10-23T17:02:11-04:00" level=info msg="Tool required for debug" tool="builtin:serial-discovery@1.4.1"
time="2025-10-23T17:02:11-04:00" level=info msg="Tool required for debug" tool="builtin:serial-monitor@0.15.0"
2025-10-23 17:02:11 2025-10-23T21:02:11.932Z root ERROR Failed to get debug config: arduino:avr:mega:cpu=atmega2560, undefined Error: Debugging is not supported.
    at Object.callback (/tmp/.mount_arduin2ZSgjo/resources/app/lib/backend/main.js:2:4749831)
    at Object.onReceiveStatus (/tmp/.mount_arduin2ZSgjo/resources/app/lib/backend/main.js:2:3783390)
    at Object.onReceiveStatus (/tmp/.mount_arduin2ZSgjo/resources/app/lib/backend/main.js:2:2216666)
    at Object.onReceiveStatus (/tmp/.mount_arduin2ZSgjo/resources/app/lib/backend/main.js:2:2216111)
    at /tmp/.mount_arduin2ZSgjo/resources/app/lib/backend/main.js:2:4354680
    at process.processTicksAndRejections (node:internal/process/task_queues:77:11)
2025-10-23 17:02:12 2025-10-23T21:02:12.907Z daemon INFO time="2025-10-23T17:02:12-04:00" level=info msg="Adding libraries dir" dir=/home/dom/.arduino15/libraries isSingleLibrary=false location=ide
time="2025-10-23T17:02:12-04:00" level=info msg="Adding libraries dir" dir=/home/dom/.arduino15/packages/arduino/hardware/avr/1.8.6/libraries isSingleLibrary=false location=platform
time="2025-10-23T17:02:12-04:00" level=info msg="Adding libraries dir" dir=/home/dom/Arduino/libraries isSingleLibrary=false location=user
2025-10-23 17:02:25 2025-10-23T21:02:25.961Z root INFO User abort
2025-10-23 17:02:25 2025-10-23T21:02:25.962Z daemon INFO time="2025-10-23T17:02:25-04:00" level=error msg="Upload port detection failed, watcher closed" task=port_detection
2025-10-23 17:02:30 isTempSketch: true. Input was /tmp/.arduinoIDE-unsaved2025923-17377-dcdq2d.rhyzv/sketch_oct23a
2025-10-23 17:02:30 Ignored marking workspace as a closed sketch. The sketch was detected as temporary. Workspace URI: file:///tmp/.arduinoIDE-unsaved2025923-17377-dcdq2d.rhyzv/sketch_oct23a.
2025-10-23 17:02:32 isTempSketch: true. Input was /tmp/.arduinoIDE-unsaved2025923-17377-dcdq2d.rhyzv/sketch_oct23a
2025-10-23 17:02:32 Ignored marking workspace as a closed sketch. The sketch was detected as temporary. Workspace URI: file:///tmp/.arduinoIDE-unsaved2025923-17377-dcdq2d.rhyzv/sketch_oct23a.
2025-10-23 17:02:32 2025-10-23T21:02:32.787Z root INFO socked closed
2025-10-23 17:02:32 2025-10-23T21:02:32.787Z root INFO closing connection for 1
2025-10-23 17:02:32 2025-10-23T21:02:32.787Z root INFO Closing channel on service path '/localization-server'.
2025-10-23 17:02:32 2025-10-23T21:02:32.787Z root INFO Closing channel on service path '/os'.
2025-10-23 17:02:32 2025-10-23T21:02:32.787Z root INFO Closing channel on service path '/services/commands'.
2025-10-23 17:02:32 2025-10-23T21:02:32.787Z root INFO Closing channel on service path '/services/keyboard'.
2025-10-23 17:02:32 2025-10-23T21:02:32.787Z root INFO Closing channel on service path '/services/logger'.
2025-10-23 17:02:32 2025-10-23T21:02:32.787Z root INFO Closing channel on service path '/services/messageService'.
2025-10-23 17:02:32 2025-10-23T21:02:32.787Z root INFO Closing channel on service path '/services/ChannelCloseService'.
2025-10-23 17:02:32 2025-10-23T21:02:32.787Z root INFO Closing channel on service path '/services/remote-filesystem'.
2025-10-23 17:02:32 2025-10-23T21:02:32.787Z root INFO Closing channel on service path '/services/envs'.
2025-10-23 17:02:32 2025-10-23T21:02:32.787Z root INFO Closing channel on service path '/services/authentication-service'.
2025-10-23 17:02:32 2025-10-23T21:02:32.787Z root INFO Closing channel on service path '/services/sketches-service'.
2025-10-23 17:02:32 2025-10-23T21:02:32.787Z root INFO Closing channel on service path '/services/config-service'.
2025-10-23 17:02:32 2025-10-23T21:02:32.787Z root INFO Closing channel on service path '/services/workspace'.
2025-10-23 17:02:32 2025-10-23T21:02:32.787Z root INFO Closing channel on service path '/services/notification-service'.
2025-10-23 17:02:32 2025-10-23T21:02:32.787Z root INFO Closing channel on service path '/services/arduino-daemon'.
2025-10-23 17:02:32 2025-10-23T21:02:32.787Z root INFO Closing channel on service path '/services/stopwatch'.
2025-10-23 17:02:32 2025-10-23T21:02:32.787Z root INFO Closing channel on service path '/services/application'.
2025-10-23 17:02:32 2025-10-23T21:02:32.787Z root INFO Closing channel on service path '/services/i18n'.
2025-10-23 17:02:32 2025-10-23T21:02:32.787Z root INFO Closing channel on service path '/services/quickInput'.
2025-10-23 17:02:32 2025-10-23T21:02:32.787Z root INFO Closing channel on service path '/services/debug'.
2025-10-23 17:02:32 2025-10-23T21:02:32.787Z root INFO Closing channel on service path '/services/shell-terminal'.
2025-10-23 17:02:32 2025-10-23T21:02:32.787Z root INFO Closing channel on service path '/services/quickPick'.
2025-10-23 17:02:32 2025-10-23T21:02:32.787Z root INFO Closing channel on service path '/services/task'.
2025-10-23 17:02:32 2025-10-23T21:02:32.788Z root INFO Closing channel on service path '/services/search'.
2025-10-23 17:02:32 2025-10-23T21:02:32.788Z root INFO Closing channel on service path '/services/hostedPlugin'.
2025-10-23 17:02:32 2025-10-23T21:02:32.788Z root INFO Closing channel on service path '/services/plugin-ext'.
2025-10-23 17:02:32 2025-10-23T21:02:32.788Z root INFO Closing channel on service path '/services/plugin-paths'.
2025-10-23 17:02:32 2025-10-23T21:02:32.789Z root INFO Closing channel on service path '/services/cli-preferences'.
2025-10-23 17:02:32 2025-10-23T21:02:32.789Z root INFO Closing channel on service path '/services/boards-service'.
2025-10-23 17:02:32 2025-10-23T21:02:32.789Z root INFO Closing channel on service path '/services/response-service'.
2025-10-23 17:02:32 2025-10-23T21:02:32.789Z root INFO Closing channel on service path '/services/file-system-ext'.
2025-10-23 17:02:32 2025-10-23T21:02:32.789Z root INFO Closing channel on service path '/services/core-service'.
2025-10-23 17:02:32 2025-10-23T21:02:32.790Z root INFO Closing channel on service path '/services/example-service'.
2025-10-23 17:02:32 2025-10-23T21:02:32.790Z root INFO Closing channel on service path '/services/library-service'.
2025-10-23 17:02:32 2025-10-23T21:02:32.790Z root INFO Closing channel on service path '/services/executable-service'.
2025-10-23 17:02:32 2025-10-23T21:02:32.790Z root INFO Closing channel on service path '/services/arduino-firmware-uploader'.
2025-10-23 17:02:32 2025-10-23T21:02:32.790Z root INFO Closing channel on service path '/services/formatter'.
2025-10-23 17:02:32 2025-10-23T21:02:32.790Z root INFO Closing channel on service path '/services/search-in-workspace'.
2025-10-23 17:02:32 2025-10-23T21:02:32.790Z root INFO Closing channel on service path '/services/request-service'.
2025-10-23 17:02:32 2025-10-23T21:02:32.790Z root INFO Closing channel on service path '/services/keyStore'.
2025-10-23 17:02:32 2025-10-23T21:02:32.790Z root INFO Closing channel on service path '/services/languagePackService'.
2025-10-23 17:02:32 Closing channel on service path '/services/electron-window'.
2025-10-23 17:02:32 Closing channel on service path '/services/ide-updater'.
2025-10-23 17:02:32 Stored workspaces roots: 
2025-10-23 17:02:32 No sketches were scheduled for deletion.
