00:00:00.283315 VirtualBox GUI VM Selector Window 7.0.20 r163906 linux.amd64 (Jul 16 2024 13:33:48) release log
00:00:00.283316 Log opened 2024-08-22T22:39:46.660672000Z
00:00:00.283317 Build Type: release
00:00:00.283318 OS Product: Linux
00:00:00.283318 OS Release: 6.10.6-arch1-1
00:00:00.283319 OS Version: #1 SMP PREEMPT_DYNAMIC Mon, 19 Aug 2024 17:02:39 +0000
00:00:00.283331 DMI Product Name: 20S1S6D500
00:00:00.283336 DMI Product Version: ThinkPad T14 Gen 1
00:00:00.283339 Firmware type: UEFI
00:00:00.283597 Secure Boot: Disabled
00:00:00.283620 Host RAM: 15620MB (15.2GB) total, 14298MB (13.9GB) available
00:00:00.283622 Executable: /usr/lib/virtualbox/VirtualBox
00:00:00.283623 Process ID: 48299
00:00:00.283623 Package type: LINUX_64BITS_GENERIC (OSE)
00:00:00.283640 Qt version: 5.15.14
00:00:00.283976 GUI: UIMediumEnumerator: Initial medium-enumeration finished!
00:00:00.288599 GUI: UIMediumEnumerator: Medium-enumeration started...
00:00:00.645827 GUI: UIDesktopWidgetWatchdog::sltHandleHostScreenAvailableGeometryCalculated: Screen 0 work area is actually resized to: 0x16 x 1918x1062
00:00:00.658752 GUI: UIMediumEnumerator: Medium-enumeration finished!
00:00:03.153525 GUI: UIMediumEnumerator: Medium-enumeration finished!
00:01:48.966812 GUI: UIMediumEnumerator: Medium-enumeration finished!
00:03:32.228488 GUI: UIMediumEnumerator: Medium-enumeration finished!
00:12:41.079273 GUI: UIMediumEnumerator: Medium-enumeration finished!
00:12:41.443985 GUI: UIMediumEnumerator: Medium-enumeration finished!
00:23:30.185510 GUI: UIMediumEnumerator: Medium-enumeration finished!
00:23:35.503577 GUI: UIMediumEnumerator: Medium-enumeration finished!
00:23:41.840693 GUI: UIMediumEnumerator: Medium-enumeration finished!
00:23:41.980140 GUI: UIMediumEnumerator: Medium-enumeration finished!
00:23:44.939618 GUI: UICommon: Handling aboutToQuit request..
00:23:46.032195 GUI: UICommon: aboutToQuit request handled!
